c:\users\sasha\onedrive\рабочий стол\laba5-7\laba5-7\debug\vc142.pdb
c:\users\sasha\onedrive\рабочий стол\laba5-7\laba5-7\debug\.netframework,version=v4.6.1.assemblyattributes.obj
c:\users\sasha\onedrive\рабочий стол\laba5-7\laba5-7\debug\.netframework,version=v4.6.1.assemblyattributes.asm
c:\users\sasha\onedrive\рабочий стол\laba5-7\laba5-7\debug\myform3.obj
c:\users\sasha\onedrive\рабочий стол\laba5-7\laba5-7\debug\myform2.obj
c:\users\sasha\onedrive\рабочий стол\laba5-7\laba5-7\debug\myform1.obj
c:\users\sasha\onedrive\рабочий стол\laba5-7\laba5-7\debug\myform.obj
c:\users\sasha\onedrive\рабочий стол\laba5-7\laba5-7\debug\myform4.obj
c:\users\sasha\onedrive\рабочий стол\laba5-7\laba5-7\debug\laba57.myform.resources
c:\users\sasha\onedrive\рабочий стол\laba5-7\laba5-7\debug\laba57.myform1.resources
c:\users\sasha\onedrive\рабочий стол\laba5-7\laba5-7\debug\laba57.myform2.resources
c:\users\sasha\onedrive\рабочий стол\laba5-7\laba5-7\debug\laba57.myform3.resources
c:\users\sasha\onedrive\рабочий стол\laba5-7\debug\laba57.exe
c:\users\sasha\onedrive\рабочий стол\laba5-7\debug\laba57.pdb
c:\users\sasha\onedrive\рабочий стол\laba5-7\laba5-7\debug\laba5-7.vcxproj.generateresource.cache
c:\users\sasha\onedrive\рабочий стол\laba5-7\laba5-7\debug\laba5-7.vcxprojassemblyreference.cache
c:\users\sasha\onedrive\рабочий стол\laba5-7\laba5-7\debug\laba57.tlog\cl.command.1.tlog
c:\users\sasha\onedrive\рабочий стол\laba5-7\laba5-7\debug\laba57.tlog\cl.read.1.tlog
c:\users\sasha\onedrive\рабочий стол\laba5-7\laba5-7\debug\laba57.tlog\cl.write.1.tlog
c:\users\sasha\onedrive\рабочий стол\laba5-7\laba5-7\debug\laba57.tlog\laba57.write.1u.tlog
c:\users\sasha\onedrive\рабочий стол\laba5-7\laba5-7\debug\laba57.tlog\link.14616.delete.1.tlog
c:\users\sasha\onedrive\рабочий стол\laba5-7\laba5-7\debug\laba57.tlog\link.17400.delete.1.tlog
c:\users\sasha\onedrive\рабочий стол\laba5-7\laba5-7\debug\laba57.tlog\link.command.1.tlog
c:\users\sasha\onedrive\рабочий стол\laba5-7\laba5-7\debug\laba57.tlog\link.read.1.tlog
c:\users\sasha\onedrive\рабочий стол\laba5-7\laba5-7\debug\laba57.tlog\link.write.1.tlog
c:\users\sasha\onedrive\рабочий стол\laba5-7\laba5-7\debug\laba57.tlog\metagen.read.1.tlog
c:\users\sasha\onedrive\рабочий стол\laba5-7\laba5-7\debug\laba57.tlog\metagen.write.1.tlog
